2025-07-25 16:45:23,046 - root - CRITICAL - FLASK_SECRET_KEY environment variable is not set. Exiting for security reasons.
2025-07-25 16:45:24,745 - root - CRITICAL - FLASK_SECRET_KEY environment variable is not set. Exiting for security reasons.
2025-07-25 16:55:20,406 - __main__ - WARNING - Email alerts disabled due to missing credentials or explicit setting.
2025-07-25 16:55:20,452 - __main__ - INFO - Starting Flask web application.
2025-07-25 16:55:21,006 - __main__ - INFO - Default admin user created.
2025-07-25 16:55:21,417 - __main__ - INFO - Default analyst user created.
2025-07-25 16:55:21,820 - __main__ - INFO - Default viewer user created.
2025-07-25 16:55:21,821 - __main__ - CRITICAL - Error loading ML assets: Model file not found: models\best_model.joblib. Make sure 'models' directory and files exist. Exiting.
Traceback (most recent call last):
  File "d:\body\projects\log_classfier_secound_time\main.py", line 610, in load_ml_assets
    raise FileNotFoundError(f"Model file not found: {MODEL_PATH}")
FileNotFoundError: Model file not found: models\best_model.joblib
2025-07-25 16:59:12,344 - __main__ - WARNING - Email alerts disabled due to missing credentials or explicit setting.
2025-07-25 16:59:12,351 - __main__ - INFO - Starting Flask web application.
2025-07-25 16:59:12,359 - __main__ - CRITICAL - Error loading ML assets: Model file not found: models\best_model.joblib. Make sure 'models' directory and files exist. Exiting.
Traceback (most recent call last):
  File "D:\body\projects\log_classfier_secound_time\main.py", line 614, in load_ml_assets
    raise FileNotFoundError(f"Model file not found: {MODEL_PATH}")
FileNotFoundError: Model file not found: models\best_model.joblib
2025-07-25 17:06:48,230 - __main__ - WARNING - Email alerts disabled due to missing credentials or explicit setting.
2025-07-25 17:06:48,238 - __main__ - INFO - Starting Flask web application.
2025-07-25 17:06:48,247 - __main__ - CRITICAL - Error loading ML assets: Model file not found: models\best_model.joblib. Make sure 'models' directory and files exist. Exiting.
Traceback (most recent call last):
  File "D:\body\projects\log_classfier_secound_time\main.py", line 614, in load_ml_assets
    raise FileNotFoundError(f"Model file not found: {MODEL_PATH}")
FileNotFoundError: Model file not found: models\best_model.joblib
2025-07-25 17:16:00,769 - __main__ - WARNING - Email alerts disabled due to missing credentials or explicit setting.
2025-07-25 17:16:00,777 - __main__ - INFO - Starting Flask web application.
2025-07-25 17:16:02,275 - __main__ - INFO - Machine learning model, scaler, and label encoder loaded successfully.
2025-07-25 17:16:02,318 - werkzeug - INFO - [31m[1mWARNING: This is a development server. Do not use it in a production deployment. Use a production WSGI server instead.[0m
 * Running on all addresses (0.0.0.0)
 * Running on http://127.0.0.1:5000
 * Running on http://192.168.1.3:5000
2025-07-25 17:16:02,318 - werkzeug - INFO - [33mPress CTRL+C to quit[0m
2025-07-25 17:16:02,341 - werkzeug - INFO -  * Restarting with watchdog (windowsapi)
2025-07-25 17:16:04,032 - __main__ - WARNING - Email alerts disabled due to missing credentials or explicit setting.
2025-07-25 17:16:04,034 - __main__ - INFO - Starting Flask web application.
2025-07-25 17:16:05,355 - __main__ - INFO - Machine learning model, scaler, and label encoder loaded successfully.
2025-07-25 17:16:05,376 - werkzeug - WARNING -  * Debugger is active!
2025-07-25 17:16:05,385 - werkzeug - INFO -  * Debugger PIN: 911-285-722
2025-07-25 17:16:09,993 - werkzeug - INFO -  * Detected change in 'C:\\Program Files\\WindowsApps\\PythonSoftwareFoundation.Python.3.12_3.12.2800.0_x64__qbz5n2kfra8p0\\Lib\\encodings\\unicode_escape.py', reloading
2025-07-25 17:16:09,993 - werkzeug - INFO - 127.0.0.1 - - [25/Jul/2025 17:16:09] "GET / HTTP/1.1" 200 -
2025-07-25 17:16:10,425 - werkzeug - INFO - 127.0.0.1 - - [25/Jul/2025 17:16:10] "GET /static/neurodefender%20without.png HTTP/1.1" 200 -
2025-07-25 17:16:11,457 - werkzeug - INFO -  * Restarting with watchdog (windowsapi)
2025-07-25 17:16:13,257 - __main__ - WARNING - Email alerts disabled due to missing credentials or explicit setting.
2025-07-25 17:16:13,276 - __main__ - INFO - Starting Flask web application.
2025-07-25 17:16:14,497 - __main__ - INFO - Machine learning model, scaler, and label encoder loaded successfully.
2025-07-25 17:16:14,517 - werkzeug - WARNING -  * Debugger is active!
2025-07-25 17:16:14,527 - werkzeug - INFO -  * Debugger PIN: 911-285-722
2025-07-25 17:16:27,463 - werkzeug - INFO -  * Detected change in 'd:\\body\\projects\\log_classfier_secound_time\\main.py', reloading
2025-07-25 17:16:27,463 - werkzeug - INFO -  * Detected change in 'd:\\body\\projects\\log_classfier_secound_time\\main.py', reloading
2025-07-25 17:16:28,386 - werkzeug - INFO -  * Restarting with watchdog (windowsapi)
